<?xml version="1.0" encoding="UTF-8"?>
<!-- Generated by org.testng.reporters.JUnitReportReporter -->
<testsuite hostname="QT-INBG-LT0544" failures="0" tests="2" name="mobileworld.mobileworld" time="14.931" errors="0" timestamp="2022-09-19T16:10:05 IST" skipped="0">
  <testcase classname="mobileworld.mobileworld" name="mobile" time="9.402"/>
  <system-out/>
  <testcase classname="mobileworld.mobileworld" name="mobile" time="5.529"/>
  <system-out/>
</testsuite> <!-- mobileworld.mobileworld -->
