<?xml version="1.0" encoding="UTF-8"?>
<!-- Generated by org.testng.reporters.JUnitReportReporter -->
<testsuite hostname="QT-INBG-LT0544" failures="0" tests="3" name="mobileworld.signin" time="20.115" errors="0" timestamp="2022-09-19T16:11:39 IST" skipped="0">
  <testcase classname="mobileworld.signin" name="sign" time="9.251"/>
  <system-out/>
  <testcase classname="mobileworld.signin" name="sign" time="5.610"/>
  <system-out/>
  <testcase classname="mobileworld.signin" name="sign" time="5.254"/>
  <system-out/>
</testsuite> <!-- mobileworld.signin -->
