<?xml version="1.0" encoding="UTF-8"?>
<!-- Generated by org.testng.reporters.JUnitReportReporter -->
<testsuite hostname="QT-INBG-LT0544" failures="0" tests="3" name="mobileworld.signup" time="22.007" errors="0" timestamp="2022-09-19T16:11:08 IST" skipped="0">
  <testcase classname="mobileworld.signup" name="signUp" time="10.502"/>
  <system-out/>
  <testcase classname="mobileworld.signup" name="signUp" time="5.648"/>
  <system-out/>
  <testcase classname="mobileworld.signup" name="signUp" time="5.857"/>
  <system-out/>
</testsuite> <!-- mobileworld.signup -->
